<?xml version="1.0" encoding="UTF-8"?>
<!-- Generated by org.testng.reporters.JUnitReportReporter -->
<testsuite skipped="0" hostname="Anoops-MBP-3.TAJAWAL.LOCAL" name="Mobile.Demo" tests="1" failures="0" timestamp="27 Aug 2018 12:23:43 GMT" time="0.008" errors="0">
  <testcase name="name" time="0.008" classname="Mobile.Demo"/>
</testsuite> <!-- Mobile.Demo -->
