<?xml version="1.0" encoding="UTF-8"?>
<!-- Generated by org.testng.reporters.JUnitReportReporter -->
<testsuite skipped="0" hostname="Anoops-MBP-3.TAJAWAL.LOCAL" name="Mobile.AppTest" tests="1" failures="0" timestamp="02 Sep 2018 07:51:40 GMT" time="0.012" errors="0">
  <testcase name="shouldAnswerWithTrue" time="0.012" classname="Mobile.AppTest"/>
</testsuite> <!-- Mobile.AppTest -->
